C:\USERS\JANKAT\DOCUMENTS\VISUAL STUDIO 2012\PROJECTS\TAKEHOME3\TAKEHOME3\DEBUG\JANKAT_THE3.OBJ
C:\USERS\JANKAT\DOCUMENTS\VISUAL STUDIO 2012\PROJECTS\TAKEHOME3\TAKEHOME3\DEBUG\PACKETQUEUE.OBJ
C:\USERS\JANKAT\DOCUMENTS\VISUAL STUDIO 2012\PROJECTS\TAKEHOME3\TAKEHOME3\DEBUG\VC110.PDB
C:\USERS\JANKAT\DOCUMENTS\VISUAL STUDIO 2012\PROJECTS\TAKEHOME3\DEBUG\TAKEHOME3.ILK
C:\USERS\JANKAT\DOCUMENTS\VISUAL STUDIO 2012\PROJECTS\TAKEHOME3\DEBUG\TAKEHOME3.EXE
C:\USERS\JANKAT\DOCUMENTS\VISUAL STUDIO 2012\PROJECTS\TAKEHOME3\DEBUG\TAKEHOME3.PDB
C:\Users\Jankat\Documents\Visual Studio 2012\Projects\takehome3\takehome3\Debug\jankat_the3.obj
C:\Users\Jankat\Documents\Visual Studio 2012\Projects\takehome3\takehome3\Debug\PacketQueue.obj
C:\Users\Jankat\Documents\Visual Studio 2012\Projects\takehome3\takehome3\Debug\cl.command.1.tlog
C:\Users\Jankat\Documents\Visual Studio 2012\Projects\takehome3\takehome3\Debug\CL.read.1.tlog
C:\Users\Jankat\Documents\Visual Studio 2012\Projects\takehome3\takehome3\Debug\CL.write.1.tlog
C:\Users\Jankat\Documents\Visual Studio 2012\Projects\takehome3\takehome3\Debug\link-cvtres.read.1.tlog
C:\Users\Jankat\Documents\Visual Studio 2012\Projects\takehome3\takehome3\Debug\link-cvtres.write.1.tlog
C:\Users\Jankat\Documents\Visual Studio 2012\Projects\takehome3\takehome3\Debug\link-rc.read.1.tlog
C:\Users\Jankat\Documents\Visual Studio 2012\Projects\takehome3\takehome3\Debug\link-rc.write.1.tlog
C:\Users\Jankat\Documents\Visual Studio 2012\Projects\takehome3\takehome3\Debug\link.10444-cvtres.read.1.tlog
C:\Users\Jankat\Documents\Visual Studio 2012\Projects\takehome3\takehome3\Debug\link.10444-cvtres.write.1.tlog
C:\Users\Jankat\Documents\Visual Studio 2012\Projects\takehome3\takehome3\Debug\link.10444-rc.read.1.tlog
C:\Users\Jankat\Documents\Visual Studio 2012\Projects\takehome3\takehome3\Debug\link.10444-rc.write.1.tlog
C:\Users\Jankat\Documents\Visual Studio 2012\Projects\takehome3\takehome3\Debug\link.10444.read.1.tlog
C:\Users\Jankat\Documents\Visual Studio 2012\Projects\takehome3\takehome3\Debug\link.10444.write.1.tlog
C:\Users\Jankat\Documents\Visual Studio 2012\Projects\takehome3\takehome3\Debug\link.16348-cvtres.read.1.tlog
C:\Users\Jankat\Documents\Visual Studio 2012\Projects\takehome3\takehome3\Debug\link.16348-cvtres.write.1.tlog
C:\Users\Jankat\Documents\Visual Studio 2012\Projects\takehome3\takehome3\Debug\link.16348-rc.read.1.tlog
C:\Users\Jankat\Documents\Visual Studio 2012\Projects\takehome3\takehome3\Debug\link.16348-rc.write.1.tlog
C:\Users\Jankat\Documents\Visual Studio 2012\Projects\takehome3\takehome3\Debug\link.16348.read.1.tlog
C:\Users\Jankat\Documents\Visual Studio 2012\Projects\takehome3\takehome3\Debug\link.16348.write.1.tlog
C:\Users\Jankat\Documents\Visual Studio 2012\Projects\takehome3\takehome3\Debug\link.19692-cvtres.read.1.tlog
C:\Users\Jankat\Documents\Visual Studio 2012\Projects\takehome3\takehome3\Debug\link.19692-cvtres.write.1.tlog
C:\Users\Jankat\Documents\Visual Studio 2012\Projects\takehome3\takehome3\Debug\link.19692-rc.read.1.tlog
C:\Users\Jankat\Documents\Visual Studio 2012\Projects\takehome3\takehome3\Debug\link.19692-rc.write.1.tlog
C:\Users\Jankat\Documents\Visual Studio 2012\Projects\takehome3\takehome3\Debug\link.19692.read.1.tlog
C:\Users\Jankat\Documents\Visual Studio 2012\Projects\takehome3\takehome3\Debug\link.19692.write.1.tlog
C:\Users\Jankat\Documents\Visual Studio 2012\Projects\takehome3\takehome3\Debug\link.7360-cvtres.read.1.tlog
C:\Users\Jankat\Documents\Visual Studio 2012\Projects\takehome3\takehome3\Debug\link.7360-cvtres.write.1.tlog
C:\Users\Jankat\Documents\Visual Studio 2012\Projects\takehome3\takehome3\Debug\link.7360-rc.read.1.tlog
C:\Users\Jankat\Documents\Visual Studio 2012\Projects\takehome3\takehome3\Debug\link.7360-rc.write.1.tlog
C:\Users\Jankat\Documents\Visual Studio 2012\Projects\takehome3\takehome3\Debug\link.7360.read.1.tlog
C:\Users\Jankat\Documents\Visual Studio 2012\Projects\takehome3\takehome3\Debug\link.7360.write.1.tlog
C:\Users\Jankat\Documents\Visual Studio 2012\Projects\takehome3\takehome3\Debug\link.command.1.tlog
C:\Users\Jankat\Documents\Visual Studio 2012\Projects\takehome3\takehome3\Debug\link.read.1.tlog
C:\Users\Jankat\Documents\Visual Studio 2012\Projects\takehome3\takehome3\Debug\link.write.1.tlog
C:\Users\Jankat\Documents\Visual Studio 2012\Projects\takehome3\takehome3\Debug\vc110.idb
C:\Users\Jankat\Documents\Visual Studio 2012\Projects\takehome3\takehome3\Debug\vc110.pdb
C:\Users\Jankat\Documents\Visual Studio 2012\Projects\takehome3\Debug\takehome3.pdb
C:\Users\Jankat\Documents\Visual Studio 2012\Projects\takehome3\Debug\takehome3.exe
C:\Users\Jankat\Documents\Visual Studio 2012\Projects\takehome3\Debug\takehome3.ilk
